<?xml version="1.0" encoding="UTF-8"?><testsuite failures="0" name="cucumber.runtime.formatter.JUnitFormatter" skipped="0" tests="1" time="21.287103">
<testcase classname="Fleury Login Feature" name="Fleury Login Test Scenario" time="21.287103">
<system-out><![CDATA[Given user is already on page...............................................passed
When user click on Unidade..................................................passed
And user choose the facility................................................passed
And user selects an unit....................................................passed
Then the unit name is the same selected.....................................passed
]]></system-out>
</testcase>
</testsuite>
